Using pre-set license
Built from '2020.3/staging' branch; Version is '2020.3.13f1 (71691879b7f5) revision 7432472'; Using compiler version '192528614'; Build Type 'Release'
OS: 'Windows 10 Home; OS build 19043.1110; Version 2009; 64bit' Language: 'nl' Physical Memory: 8151 MB
BatchMode: 1, IsHumanControllingUs: 0, StartBugReporterOnCrash: 0, Is64bit: 1, IsPro: 0

 COMMAND LINE ARGUMENTS:
D:\Users\Broijlcraft\Programmmms\Projects\2020.3.13f1\Editor\Unity.exe
-adb2
-batchMode
-noUpm
-name
AssetImportWorker1
-projectPath
D:/Users/Broijlcraft/Unity projects/Broken-Gears/Broken Gears
-logFile
Logs/AssetImportWorker1.log
-srvPort
1053
Successfully changed project path to: D:/Users/Broijlcraft/Unity projects/Broken-Gears/Broken Gears
D:/Users/Broijlcraft/Unity projects/Broken-Gears/Broken Gears
Using Asset Import Pipeline V2.
Refreshing native plugins compatible for Editor in 52.11 ms, found 2 plugins.
Preloading 0 native plugins for Editor in 0.00 ms.
Initialize engine version: 2020.3.13f1 (71691879b7f5)
[Subsystems] Discovering subsystems at path D:/Users/Broijlcraft/Programmmms/Projects/2020.3.13f1/Editor/Data/Resources/UnitySubsystems
[Subsystems] Discovering subsystems at path D:/Users/Broijlcraft/Unity projects/Broken-Gears/Broken Gears/Assets
GfxDevice: creating device client; threaded=0
Direct3D:
    Version:  Direct3D 11.0 [level 11.1]
    Renderer: NVIDIA GeForce GTX 1050 Ti (ID=0x1c82)
    Vendor:   
    VRAM:     4018 MB
    Driver:   23.21.13.9077
Initialize mono
Mono path[0] = 'D:/Users/Broijlcraft/Programmmms/Projects/2020.3.13f1/Editor/Data/Managed'
Mono path[1] = 'D:/Users/Broijlcraft/Programmmms/Projects/2020.3.13f1/Editor/Data/MonoBleedingEdge/lib/mono/unityjit'
Mono config path = 'D:/Users/Broijlcraft/Programmmms/Projects/2020.3.13f1/Editor/Data/MonoBleedingEdge/etc'
Using monoOptions --debugger-agent=transport=dt_socket,embedding=1,server=y,suspend=n,address=127.0.0.1:56388
Begin MonoManager ReloadAssembly
Registering precompiled unity dll's ...
Register platform support module: D:/Users/Broijlcraft/Programmmms/Projects/2020.3.13f1/Editor/Data/PlaybackEngines/WindowsStandaloneSupport/UnityEditor.WindowsStandalone.Extensions.dll
Registered in 0.001366 seconds.
Native extension for WindowsStandalone target not found
Refreshing native plugins compatible for Editor in 45.61 ms, found 2 plugins.
Preloading 0 native plugins for Editor in 0.00 ms.
Mono: successfully reloaded assembly
- Completed reload, in  2.462 seconds
Platform modules already initialized, skipping
Registering precompiled user dll's ...
Registered in 0.004043 seconds.
Begin MonoManager ReloadAssembly
Native extension for WindowsStandalone target not found
Refreshing native plugins compatible for Editor in 52.16 ms, found 2 plugins.
Preloading 0 native plugins for Editor in 0.00 ms.
Mono: successfully reloaded assembly
- Completed reload, in  1.508 seconds
Platform modules already initialized, skipping
========================================================================
Worker process is ready to serve import requests
Launched and connected shader compiler UnityShaderCompiler.exe after 0.19 seconds
Refreshing native plugins compatible for Editor in 0.46 ms, found 2 plugins.
Preloading 0 native plugins for Editor in 0.00 ms.
Unloading 1819 Unused Serialized files (Serialized files now loaded: 0)
System memory in use before: 155.1 MB.
System memory in use after: 155.2 MB.

Unloading 20 unused Assets to reduce memory usage. Loaded Objects now: 2267.
Total: 4.592700 ms (FindLiveObjects: 0.183800 ms CreateObjectMapping: 0.069500 ms MarkObjects: 4.236300 ms  DeleteObjects: 0.101400 ms)

AssetImportParameters requested are different than current active one (requested -> active):
  custom:framework-win-MediaFoundation: 216162199b28c13a410421893ffa2e32 -> 
  custom:video-decoder-ogg-theora: a1e56fd34408186e4bbccfd4996cb3dc -> 
  custom:container-muxer-webm: aa71ff27fc2769a1b78a27578f13a17b -> 
  custom:container-demuxer-webm: 4f35f7cbe854078d1ac9338744f61a02 -> 
  custom:container-demuxer-ogg: 62fdf1f143b41e24485cea50d1cbac27 -> 
  custom:video-encoder-webm-vp8: eb34c28f22e8b96e1ab97ce403110664 -> 
  custom:video-codec-MediaFoundation-h265: 746d11721c4dcdbdad8f713fa42b33f4 -> 
  custom:video-decoder-webm-vp8: 9c59270c3fd7afecdb556c50c9e8de78 -> 
  custom:audio-decoder-ogg-vorbis: bf7c407c2cedff20999df2af8eb42d56 -> 
  custom:audio-encoder-webm-vorbis: bf7c407c2cedff20999df2af8eb42d56 -> 
========================================================================
Received Import Request.
  path: Assets/Scenes/Old Final Scenes/Level 1.unity
  artifactKey: Guid(ac843e73e35a5a54fb80f07744be77d8) Importer(815301076,1909f56bfc062723c751e8b465ee728b)
Start importing Assets/Scenes/Old Final Scenes/Level 1.unity using Guid(ac843e73e35a5a54fb80f07744be77d8) Importer(815301076,1909f56bfc062723c751e8b465ee728b)  -> (artifact id: 'e78f08100ad67eba3f7d61d6ea4780e5') in 0.041559 seconds 
  Import took 0.089993 seconds .

========================================================================
Received Import Request.
  Time since last request: 0.000360 seconds.
  path: Assets/Scenes/Old Final Scenes/Tutorial.unity
  artifactKey: Guid(b3ef80a552cf59f4c816d92cf28ebfe4) Importer(815301076,1909f56bfc062723c751e8b465ee728b)
Start importing Assets/Scenes/Old Final Scenes/Tutorial.unity using Guid(b3ef80a552cf59f4c816d92cf28ebfe4) Importer(815301076,1909f56bfc062723c751e8b465ee728b)  -> (artifact id: '74840c7761b3d125195aeda81a432fc4') in 0.003149 seconds 
  Import took 0.050562 seconds .

========================================================================
Received Import Request.
  Time since last request: 0.000388 seconds.
  path: Assets/Scenes/Old Final Scenes/MainMenu.unity
  artifactKey: Guid(f53dd4c32bdd30c43a3a3ed715a564c5) Importer(815301076,1909f56bfc062723c751e8b465ee728b)
Start importing Assets/Scenes/Old Final Scenes/MainMenu.unity using Guid(f53dd4c32bdd30c43a3a3ed715a564c5) Importer(815301076,1909f56bfc062723c751e8b465ee728b)  -> (artifact id: '4d4cbf2717fcc10f3e4b668ce0b0e8a8') in 0.002757 seconds 
  Import took 0.035303 seconds .

========================================================================
Received Import Request.
  Time since last request: 0.000366 seconds.
  path: Assets/Scenes/Old Final Scenes
  artifactKey: Guid(6c1833050056fee4987f163dc2fbb7c8) Importer(815301076,1909f56bfc062723c751e8b465ee728b)
Start importing Assets/Scenes/Old Final Scenes using Guid(6c1833050056fee4987f163dc2fbb7c8) Importer(815301076,1909f56bfc062723c751e8b465ee728b)  -> (artifact id: '3e0b54e766657a07e3ee73cfc758b7dc') in 0.023421 seconds 
  Import took 0.055612 seconds .

========================================================================
Received Import Request.
  Time since last request: 0.000354 seconds.
  path: Assets/Scenes
  artifactKey: Guid(a57e2cc32e750854bb9290593db27a41) Importer(815301076,1909f56bfc062723c751e8b465ee728b)
Start importing Assets/Scenes using Guid(a57e2cc32e750854bb9290593db27a41) Importer(815301076,1909f56bfc062723c751e8b465ee728b)  -> (artifact id: 'c7673d2da975bb56e39da76336469f2b') in 0.007899 seconds 
  Import took 0.051470 seconds .

========================================================================
Received Import Request.
  Time since last request: 0.000421 seconds.
  path: Assets/Sounds
  artifactKey: Guid(03324fbd586cdf342bee8b223c8427c4) Importer(815301076,1909f56bfc062723c751e8b465ee728b)
Start importing Assets/Sounds using Guid(03324fbd586cdf342bee8b223c8427c4) Importer(815301076,1909f56bfc062723c751e8b465ee728b)  -> (artifact id: '9b229dc42a35090eb16e368937ed2595') in 0.006259 seconds 
  Import took 0.045190 seconds .

========================================================================
Received Import Request.
  Time since last request: 2.084851 seconds.
  path: Assets/Scenes/Work Scenes
  artifactKey: Guid(fa7c48ba7d63b044787213f0aa02bf7f) Importer(815301076,1909f56bfc062723c751e8b465ee728b)
Start importing Assets/Scenes/Work Scenes using Guid(fa7c48ba7d63b044787213f0aa02bf7f) Importer(815301076,1909f56bfc062723c751e8b465ee728b)  -> (artifact id: 'f631e408691456542de0ba5969d0ed62') in 0.003979 seconds 
  Import took 0.020649 seconds .

========================================================================
Received Import Request.
  Time since last request: 1.292442 seconds.
  path: Assets/Scenes/Work Scenes/Max.unity
  artifactKey: Guid(328becfefddfd004bbc51b95c0287e6a) Importer(815301076,1909f56bfc062723c751e8b465ee728b)
Start importing Assets/Scenes/Work Scenes/Max.unity using Guid(328becfefddfd004bbc51b95c0287e6a) Importer(815301076,1909f56bfc062723c751e8b465ee728b)  -> (artifact id: '808661dfbb83149d9bce103c43281451') in 0.020910 seconds 
  Import took 0.043448 seconds .

========================================================================
Received Import Request.
  Time since last request: 0.908943 seconds.
  path: Assets/Scenes/Work Scenes/Lighting.lighting
  artifactKey: Guid(6d3a6c879f32dd44fbcaf79416e7736f) Importer(815301076,1909f56bfc062723c751e8b465ee728b)
Start importing Assets/Scenes/Work Scenes/Lighting.lighting using Guid(6d3a6c879f32dd44fbcaf79416e7736f) Importer(815301076,1909f56bfc062723c751e8b465ee728b)  -> (artifact id: 'c996a586af1ec9b5b9e24849485adc17') in 0.036100 seconds 
  Import took 0.066848 seconds .

========================================================================
Received Import Request.
  Time since last request: 0.045158 seconds.
  path: Assets/Scenes/Work Scenes/Lighting.lighting
  artifactKey: Guid(6d3a6c879f32dd44fbcaf79416e7736f) Importer(815301076,1909f56bfc062723c751e8b465ee728b)
Start importing Assets/Scenes/Work Scenes/Lighting.lighting using Guid(6d3a6c879f32dd44fbcaf79416e7736f) Importer(815301076,1909f56bfc062723c751e8b465ee728b)  -> (artifact id: 'c996a586af1ec9b5b9e24849485adc17') in 0.002947 seconds 
  Import took 0.006043 seconds .

========================================================================
Received Prepare
Registering precompiled user dll's ...
Registered in 0.088133 seconds.
Begin MonoManager ReloadAssembly
Native extension for WindowsStandalone target not found
Refreshing native plugins compatible for Editor in 0.75 ms, found 2 plugins.
Preloading 0 native plugins for Editor in 0.00 ms.
Mono: successfully reloaded assembly
- Completed reload, in  1.207 seconds
Platform modules already initialized, skipping
Refreshing native plugins compatible for Editor in 0.51 ms, found 2 plugins.
Preloading 0 native plugins for Editor in 0.00 ms.
Unloading 1923 Unused Serialized files (Serialized files now loaded: 0)
System memory in use before: 162.1 MB.
System memory in use after: 160.1 MB.

Unloading 41 unused Assets to reduce memory usage. Loaded Objects now: 2362.
Total: 3.604600 ms (FindLiveObjects: 0.308900 ms CreateObjectMapping: 0.115600 ms MarkObjects: 2.484800 ms  DeleteObjects: 0.693900 ms)

AssetImportParameters requested are different than current active one (requested -> active):
  custom:framework-win-MediaFoundation: 216162199b28c13a410421893ffa2e32 -> 
  custom:video-decoder-ogg-theora: a1e56fd34408186e4bbccfd4996cb3dc -> 
  custom:container-muxer-webm: aa71ff27fc2769a1b78a27578f13a17b -> 
  custom:container-demuxer-webm: 4f35f7cbe854078d1ac9338744f61a02 -> 
  custom:container-demuxer-ogg: 62fdf1f143b41e24485cea50d1cbac27 -> 
  custom:video-encoder-webm-vp8: eb34c28f22e8b96e1ab97ce403110664 -> 
  custom:video-codec-MediaFoundation-h265: 746d11721c4dcdbdad8f713fa42b33f4 -> 
  custom:video-decoder-webm-vp8: 9c59270c3fd7afecdb556c50c9e8de78 -> 
  custom:audio-decoder-ogg-vorbis: bf7c407c2cedff20999df2af8eb42d56 -> 
  custom:audio-encoder-webm-vorbis: bf7c407c2cedff20999df2af8eb42d56 -> 
========================================================================
Received Import Request.
  Time since last request: 450.312688 seconds.
  path: Assets/Scenes/Work Scenes/pp.asset
  artifactKey: Guid(3c171da7ae94fab4381c64aba9f30266) Importer(815301076,1909f56bfc062723c751e8b465ee728b)
Start importing Assets/Scenes/Work Scenes/pp.asset using Guid(3c171da7ae94fab4381c64aba9f30266) Importer(815301076,1909f56bfc062723c751e8b465ee728b)  -> (artifact id: 'b29a2a96de1a4a13cc77c02e5ec367b8') in 0.026969 seconds 
  Import took 0.037389 seconds .

========================================================================
Received Import Request.
  Time since last request: 0.004825 seconds.
  path: Assets/Scenes/Work Scenes/pp.asset
  artifactKey: Guid(3c171da7ae94fab4381c64aba9f30266) Importer(815301076,1909f56bfc062723c751e8b465ee728b)
Start importing Assets/Scenes/Work Scenes/pp.asset using Guid(3c171da7ae94fab4381c64aba9f30266) Importer(815301076,1909f56bfc062723c751e8b465ee728b)  -> (artifact id: 'b29a2a96de1a4a13cc77c02e5ec367b8') in 0.003538 seconds 
  Import took 0.007456 seconds .

========================================================================
Received Import Request.
  Time since last request: 9.574563 seconds.
  path: Assets/Scenes/Work Scenes/PostProcessing.asset
  artifactKey: Guid(3c171da7ae94fab4381c64aba9f30266) Importer(815301076,1909f56bfc062723c751e8b465ee728b)
Start importing Assets/Scenes/Work Scenes/PostProcessing.asset using Guid(3c171da7ae94fab4381c64aba9f30266) Importer(815301076,1909f56bfc062723c751e8b465ee728b)  -> (artifact id: '9785e91e56293acd23ef1d44836f57ac') in 0.006750 seconds 
  Import took 0.013081 seconds .

========================================================================
Received Import Request.
  Time since last request: 18.445833 seconds.
  path: Assets/Scenes/Work Scenes/PostProcessing.asset
  artifactKey: Guid(3c171da7ae94fab4381c64aba9f30266) Importer(815301076,1909f56bfc062723c751e8b465ee728b)
Start importing Assets/Scenes/Work Scenes/PostProcessing.asset using Guid(3c171da7ae94fab4381c64aba9f30266) Importer(815301076,1909f56bfc062723c751e8b465ee728b)  -> (artifact id: '3978a3fd19f3545455ab2e877a7f333f') in 0.037080 seconds 
  Import took 0.042096 seconds .

========================================================================
Received Import Request.
  Time since last request: 21.636903 seconds.
  path: Assets/Scenes/Work Scenes/New Post-processing Profile.asset
  artifactKey: Guid(496ec75194ce24649bc7409ee3a544bf) Importer(815301076,1909f56bfc062723c751e8b465ee728b)
Start importing Assets/Scenes/Work Scenes/New Post-processing Profile.asset using Guid(496ec75194ce24649bc7409ee3a544bf) Importer(815301076,1909f56bfc062723c751e8b465ee728b)  -> (artifact id: '09d6fb6f25194069fc70e5eecf50ffe6') in 0.003596 seconds 
  Import took 0.007722 seconds .

========================================================================
Received Import Request.
  Time since last request: 0.036745 seconds.
  path: Assets/Scenes/Work Scenes/New Post-processing Profile.asset
  artifactKey: Guid(496ec75194ce24649bc7409ee3a544bf) Importer(815301076,1909f56bfc062723c751e8b465ee728b)
Start importing Assets/Scenes/Work Scenes/New Post-processing Profile.asset using Guid(496ec75194ce24649bc7409ee3a544bf) Importer(815301076,1909f56bfc062723c751e8b465ee728b)  -> (artifact id: '09d6fb6f25194069fc70e5eecf50ffe6') in 0.019064 seconds 
  Import took 0.026135 seconds .

========================================================================
Received Prepare
Refreshing native plugins compatible for Editor in 269.09 ms, found 2 plugins.
Preloading 0 native plugins for Editor in 0.00 ms.
Unloading 39 Unused Serialized files (Serialized files now loaded: 0)
System memory in use before: 125.2 MB.
System memory in use after: 123.3 MB.

Unloading 38 unused Assets to reduce memory usage. Loaded Objects now: 2362.
Total: 3.939700 ms (FindLiveObjects: 0.251800 ms CreateObjectMapping: 0.076600 ms MarkObjects: 2.892300 ms  DeleteObjects: 0.718000 ms)

AssetImportParameters requested are different than current active one (requested -> active):
  colorSpace: 1 -> 0
  custom:framework-win-MediaFoundation: 216162199b28c13a410421893ffa2e32 -> 
  custom:video-decoder-ogg-theora: a1e56fd34408186e4bbccfd4996cb3dc -> 
  custom:container-muxer-webm: aa71ff27fc2769a1b78a27578f13a17b -> 
  custom:container-demuxer-webm: 4f35f7cbe854078d1ac9338744f61a02 -> 
  custom:container-demuxer-ogg: 62fdf1f143b41e24485cea50d1cbac27 -> 
  custom:video-encoder-webm-vp8: eb34c28f22e8b96e1ab97ce403110664 -> 
  custom:video-codec-MediaFoundation-h265: 746d11721c4dcdbdad8f713fa42b33f4 -> 
  custom:video-decoder-webm-vp8: 9c59270c3fd7afecdb556c50c9e8de78 -> 
  custom:audio-decoder-ogg-vorbis: bf7c407c2cedff20999df2af8eb42d56 -> 
  custom:audio-encoder-webm-vorbis: bf7c407c2cedff20999df2af8eb42d56 -> 
========================================================================
Received Import Request.
  Time since last request: 204.736597 seconds.
  path: Assets/UI/noun_Gears_43261 White.png
  artifactKey: Guid(ea68e4ff86a76064bbffa32a1cf98b3d) Importer(815301076,1909f56bfc062723c751e8b465ee728b)
Start importing Assets/UI/noun_Gears_43261 White.png using Guid(ea68e4ff86a76064bbffa32a1cf98b3d) Importer(815301076,1909f56bfc062723c751e8b465ee728b)  -> (artifact id: 'a5cc927aaecd7e105e549e8095a0e3b7') in 1.598444 seconds 
  Import took 1.601949 seconds .

AssetImportWorkerClient::OnTransportError - code=2 error=End of file
