Using pre-set license
Built from '2020.3/staging' branch; Version is '2020.3.13f1 (71691879b7f5) revision 7432472'; Using compiler version '192528614'; Build Type 'Release'
OS: 'Windows 10 Home; OS build 19043.985; Version 2009; 64bit' Language: 'nl' Physical Memory: 8151 MB
BatchMode: 1, IsHumanControllingUs: 0, StartBugReporterOnCrash: 0, Is64bit: 1, IsPro: 0

 COMMAND LINE ARGUMENTS:
D:\Users\Broijlcraft\Programmmms\Projects\2020.3.13f1\Editor\Unity.exe
-adb2
-batchMode
-noUpm
-name
AssetImportWorker25
-projectPath
D:/Users/Broijlcraft/Unity projects/Broken-Gears/Broken Gears
-logFile
Logs/AssetImportWorker25.log
-srvPort
11889
Successfully changed project path to: D:/Users/Broijlcraft/Unity projects/Broken-Gears/Broken Gears
D:/Users/Broijlcraft/Unity projects/Broken-Gears/Broken Gears
Using Asset Import Pipeline V2.
Refreshing native plugins compatible for Editor in 48.34 ms, found 2 plugins.
Preloading 0 native plugins for Editor in 0.00 ms.
Initialize engine version: 2020.3.13f1 (71691879b7f5)
[Subsystems] Discovering subsystems at path D:/Users/Broijlcraft/Programmmms/Projects/2020.3.13f1/Editor/Data/Resources/UnitySubsystems
[Subsystems] Discovering subsystems at path D:/Users/Broijlcraft/Unity projects/Broken-Gears/Broken Gears/Assets
GfxDevice: creating device client; threaded=0
Direct3D:
    Version:  Direct3D 11.0 [level 11.1]
    Renderer: NVIDIA GeForce GTX 1050 Ti (ID=0x1c82)
    Vendor:   
    VRAM:     4018 MB
    Driver:   23.21.13.9077
Initialize mono
Mono path[0] = 'D:/Users/Broijlcraft/Programmmms/Projects/2020.3.13f1/Editor/Data/Managed'
Mono path[1] = 'D:/Users/Broijlcraft/Programmmms/Projects/2020.3.13f1/Editor/Data/MonoBleedingEdge/lib/mono/unityjit'
Mono config path = 'D:/Users/Broijlcraft/Programmmms/Projects/2020.3.13f1/Editor/Data/MonoBleedingEdge/etc'
Using monoOptions --debugger-agent=transport=dt_socket,embedding=1,server=y,suspend=n,address=127.0.0.1:56372
Begin MonoManager ReloadAssembly
Registering precompiled unity dll's ...
Register platform support module: D:/Users/Broijlcraft/Programmmms/Projects/2020.3.13f1/Editor/Data/PlaybackEngines/WindowsStandaloneSupport/UnityEditor.WindowsStandalone.Extensions.dll
Registered in 0.002053 seconds.
Native extension for WindowsStandalone target not found
Refreshing native plugins compatible for Editor in 46.13 ms, found 2 plugins.
Preloading 0 native plugins for Editor in 0.00 ms.
Mono: successfully reloaded assembly
- Completed reload, in  2.083 seconds
Platform modules already initialized, skipping
Registering precompiled user dll's ...
Registered in 0.007615 seconds.
Begin MonoManager ReloadAssembly
Native extension for WindowsStandalone target not found
Refreshing native plugins compatible for Editor in 0.45 ms, found 2 plugins.
Preloading 0 native plugins for Editor in 0.00 ms.
Mono: successfully reloaded assembly
- Completed reload, in  3.158 seconds
Platform modules already initialized, skipping
========================================================================
Worker process is ready to serve import requests
Launched and connected shader compiler UnityShaderCompiler.exe after 0.33 seconds
Refreshing native plugins compatible for Editor in 0.46 ms, found 2 plugins.
Preloading 0 native plugins for Editor in 0.00 ms.
Unloading 1612 Unused Serialized files (Serialized files now loaded: 0)
System memory in use before: 151.4 MB.
System memory in use after: 151.5 MB.

Unloading 18 unused Assets to reduce memory usage. Loaded Objects now: 2060.
Total: 2.446400 ms (FindLiveObjects: 0.165400 ms CreateObjectMapping: 0.092500 ms MarkObjects: 2.065400 ms  DeleteObjects: 0.121800 ms)

AssetImportParameters requested are different than current active one (requested -> active):
  custom:framework-win-MediaFoundation: 216162199b28c13a410421893ffa2e32 -> 
  custom:video-decoder-ogg-theora: a1e56fd34408186e4bbccfd4996cb3dc -> 
  custom:container-muxer-webm: aa71ff27fc2769a1b78a27578f13a17b -> 
  custom:container-demuxer-webm: 4f35f7cbe854078d1ac9338744f61a02 -> 
  custom:container-demuxer-ogg: 62fdf1f143b41e24485cea50d1cbac27 -> 
  custom:video-encoder-webm-vp8: eb34c28f22e8b96e1ab97ce403110664 -> 
  custom:video-codec-MediaFoundation-h265: 746d11721c4dcdbdad8f713fa42b33f4 -> 
  custom:video-decoder-webm-vp8: 9c59270c3fd7afecdb556c50c9e8de78 -> 
  custom:audio-decoder-ogg-vorbis: bf7c407c2cedff20999df2af8eb42d56 -> 
  custom:audio-encoder-webm-vorbis: bf7c407c2cedff20999df2af8eb42d56 -> 
========================================================================
Received Import Request.
  path: Assets/Models, Textures and Prefabs/Prefabs/Enemies/PF_RNormal.prefab
  artifactKey: Guid(635ed5d5fea53334988e981e1f9d7d9a) Importer(815301076,1909f56bfc062723c751e8b465ee728b)
Start importing Assets/Models, Textures and Prefabs/Prefabs/Enemies/PF_RNormal.prefab using Guid(635ed5d5fea53334988e981e1f9d7d9a) Importer(815301076,1909f56bfc062723c751e8b465ee728b)  -> (artifact id: '0eac73999d678fc181a25b24fc2e8ae6') in 8.271732 seconds 
  Import took 8.299800 seconds .

========================================================================
Received Prepare
Registering precompiled user dll's ...
Registered in 0.009741 seconds.
Begin MonoManager ReloadAssembly
Native extension for WindowsStandalone target not found
Refreshing native plugins compatible for Editor in 0.44 ms, found 2 plugins.
Preloading 0 native plugins for Editor in 0.00 ms.
Mono: successfully reloaded assembly
- Completed reload, in  1.145 seconds
Platform modules already initialized, skipping
Refreshing native plugins compatible for Editor in 0.56 ms, found 2 plugins.
Preloading 0 native plugins for Editor in 0.00 ms.
Unloading 1575 Unused Serialized files (Serialized files now loaded: 0)
System memory in use before: 165.0 MB.
System memory in use after: 165.1 MB.

Unloading 13 unused Assets to reduce memory usage. Loaded Objects now: 2071.
Total: 2.701400 ms (FindLiveObjects: 0.321300 ms CreateObjectMapping: 0.070900 ms MarkObjects: 2.286200 ms  DeleteObjects: 0.021200 ms)

AssetImportParameters requested are different than current active one (requested -> active):
  custom:framework-win-MediaFoundation: 216162199b28c13a410421893ffa2e32 -> 
  custom:video-decoder-ogg-theora: a1e56fd34408186e4bbccfd4996cb3dc -> 
  custom:container-muxer-webm: aa71ff27fc2769a1b78a27578f13a17b -> 
  custom:container-demuxer-webm: 4f35f7cbe854078d1ac9338744f61a02 -> 
  custom:container-demuxer-ogg: 62fdf1f143b41e24485cea50d1cbac27 -> 
  custom:video-encoder-webm-vp8: eb34c28f22e8b96e1ab97ce403110664 -> 
  custom:video-codec-MediaFoundation-h265: 746d11721c4dcdbdad8f713fa42b33f4 -> 
  custom:video-decoder-webm-vp8: 9c59270c3fd7afecdb556c50c9e8de78 -> 
  custom:audio-decoder-ogg-vorbis: bf7c407c2cedff20999df2af8eb42d56 -> 
  custom:audio-encoder-webm-vorbis: bf7c407c2cedff20999df2af8eb42d56 -> 
========================================================================
Received Import Request.
  Time since last request: 9.633380 seconds.
  path: Assets/Models, Textures and Prefabs/Models and Textures/stomper turret/Stomper.prefab
  artifactKey: Guid(730dbd29bb267d4419fbe519339f8fcf) Importer(815301076,1909f56bfc062723c751e8b465ee728b)
Start importing Assets/Models, Textures and Prefabs/Models and Textures/stomper turret/Stomper.prefab using Guid(730dbd29bb267d4419fbe519339f8fcf) Importer(815301076,1909f56bfc062723c751e8b465ee728b)  -> (artifact id: 'ba8b101b082787bd23b2a8288be5771f') in 0.414569 seconds 
  Import took 0.417574 seconds .

========================================================================
Received Import Request.
  Time since last request: 0.000375 seconds.
  path: Assets/Models, Textures and Prefabs/Models and Textures/stomper turret/turret body stomper.prefab
  artifactKey: Guid(b974e0e5a6c522349bb805ec65b665cb) Importer(815301076,1909f56bfc062723c751e8b465ee728b)
Start importing Assets/Models, Textures and Prefabs/Models and Textures/stomper turret/turret body stomper.prefab using Guid(b974e0e5a6c522349bb805ec65b665cb) Importer(815301076,1909f56bfc062723c751e8b465ee728b)  -> (artifact id: '76506ad94ea619813ec449d1c2eb72fd') in 0.026104 seconds 
  Import took 0.052308 seconds .

========================================================================
Received Import Request.
  Time since last request: 0.000356 seconds.
  path: Assets/Models, Textures and Prefabs/Models and Textures/stomper turret/tower (stomper ).fbx
  artifactKey: Guid(145183b259a4b734fbee9f7afd8b7704) Importer(815301076,1909f56bfc062723c751e8b465ee728b)
Start importing Assets/Models, Textures and Prefabs/Models and Textures/stomper turret/tower (stomper ).fbx using Guid(145183b259a4b734fbee9f7afd8b7704) Importer(815301076,1909f56bfc062723c751e8b465ee728b)  -> (artifact id: '981b457b206a888fb15ada1d15fada3a') in 1.607286 seconds 
  Import took 1.610133 seconds .

========================================================================
Received Import Request.
  Time since last request: 0.000372 seconds.
  path: Assets/Models, Textures and Prefabs/Prefabs/Enemies/PF_RHeavy.prefab
  artifactKey: Guid(3df7eef0209f85b43bf487cf927600ca) Importer(815301076,1909f56bfc062723c751e8b465ee728b)
Start importing Assets/Models, Textures and Prefabs/Prefabs/Enemies/PF_RHeavy.prefab using Guid(3df7eef0209f85b43bf487cf927600ca) Importer(815301076,1909f56bfc062723c751e8b465ee728b)  -> (artifact id: 'c026fbf9351f95636a039a588c662756') in 0.863330 seconds 
  Import took 0.867185 seconds .

========================================================================
Received Import Request.
  Time since last request: 0.000429 seconds.
  path: Assets/Models, Textures and Prefabs/Prefabs/Enemies/PF_RNormal (1).prefab
  artifactKey: Guid(53179fbe28a188f4faa1bd7db61bbc80) Importer(815301076,1909f56bfc062723c751e8b465ee728b)
Start importing Assets/Models, Textures and Prefabs/Prefabs/Enemies/PF_RNormal (1).prefab using Guid(53179fbe28a188f4faa1bd7db61bbc80) Importer(815301076,1909f56bfc062723c751e8b465ee728b)  -> (artifact id: 'dab3c306bd9b8060d91ad70cf08f7895') in 0.078921 seconds 
  Import took 0.082667 seconds .

========================================================================
Received Import Request.
  Time since last request: 0.000359 seconds.
  path: Assets/Models, Textures and Prefabs/Models and Textures/stomper turret/tower (stomper new arms).fbx
  artifactKey: Guid(097666f7b2a990848acdd8894e2f8804) Importer(815301076,1909f56bfc062723c751e8b465ee728b)
Start importing Assets/Models, Textures and Prefabs/Models and Textures/stomper turret/tower (stomper new arms).fbx using Guid(097666f7b2a990848acdd8894e2f8804) Importer(815301076,1909f56bfc062723c751e8b465ee728b)  -> (artifact id: 'fa31e4aac5403ea44d6b3daa4795816e') in 0.079489 seconds 
  Import took 0.083079 seconds .

========================================================================
Received Import Request.
  Time since last request: 0.000339 seconds.
  path: Assets/Models, Textures and Prefabs/Prefabs/Enemies/PF_RKamikaze.prefab
  artifactKey: Guid(47597439905492149ba919be33329ae5) Importer(815301076,1909f56bfc062723c751e8b465ee728b)
Start importing Assets/Models, Textures and Prefabs/Prefabs/Enemies/PF_RKamikaze.prefab using Guid(47597439905492149ba919be33329ae5) Importer(815301076,1909f56bfc062723c751e8b465ee728b)  -> (artifact id: '9a444d887a8a87b6c52a94445f598dfa') in 1.200141 seconds 
  Import took 1.205994 seconds .

========================================================================
Received Import Request.
  Time since last request: 7.952827 seconds.
  path: Assets/Scripts/ScreenShotScript.cs
  artifactKey: Guid(cf6eeaf06d581f547bc2a68f913486d4) Importer(815301076,1909f56bfc062723c751e8b465ee728b)
Start importing Assets/Scripts/ScreenShotScript.cs using Guid(cf6eeaf06d581f547bc2a68f913486d4) Importer(815301076,1909f56bfc062723c751e8b465ee728b)  -> (artifact id: 'd35adf00b90614104893afc494033937') in 0.026613 seconds 
  Import took 0.029714 seconds .

========================================================================
Received Import Request.
  Time since last request: 0.010647 seconds.
  path: Assets/Scripts/ScreenShotScript.cs
  artifactKey: Guid(cf6eeaf06d581f547bc2a68f913486d4) Importer(815301076,1909f56bfc062723c751e8b465ee728b)
Start importing Assets/Scripts/ScreenShotScript.cs using Guid(cf6eeaf06d581f547bc2a68f913486d4) Importer(815301076,1909f56bfc062723c751e8b465ee728b)  -> (artifact id: 'd35adf00b90614104893afc494033937') in 0.001947 seconds 
  Import took 0.036409 seconds .

========================================================================
Received Prepare
Registering precompiled user dll's ...
Registered in 0.004506 seconds.
Begin MonoManager ReloadAssembly
Native extension for WindowsStandalone target not found
Refreshing native plugins compatible for Editor in 3.64 ms, found 2 plugins.
Preloading 0 native plugins for Editor in 0.00 ms.
Mono: successfully reloaded assembly
- Completed reload, in  4.830 seconds
Platform modules already initialized, skipping
Refreshing native plugins compatible for Editor in 0.46 ms, found 2 plugins.
Preloading 0 native plugins for Editor in 0.00 ms.
Unloading 1575 Unused Serialized files (Serialized files now loaded: 0)
System memory in use before: 165.6 MB.
System memory in use after: 165.7 MB.

Unloading 13 unused Assets to reduce memory usage. Loaded Objects now: 2111.
Total: 2.492200 ms (FindLiveObjects: 0.175000 ms CreateObjectMapping: 0.055700 ms MarkObjects: 2.238900 ms  DeleteObjects: 0.021500 ms)

AssetImportParameters requested are different than current active one (requested -> active):
  custom:framework-win-MediaFoundation: 216162199b28c13a410421893ffa2e32 -> 
  custom:video-decoder-ogg-theora: a1e56fd34408186e4bbccfd4996cb3dc -> 
  custom:container-muxer-webm: aa71ff27fc2769a1b78a27578f13a17b -> 
  custom:container-demuxer-webm: 4f35f7cbe854078d1ac9338744f61a02 -> 
  custom:container-demuxer-ogg: 62fdf1f143b41e24485cea50d1cbac27 -> 
  custom:video-encoder-webm-vp8: eb34c28f22e8b96e1ab97ce403110664 -> 
  custom:video-codec-MediaFoundation-h265: 746d11721c4dcdbdad8f713fa42b33f4 -> 
  custom:video-decoder-webm-vp8: 9c59270c3fd7afecdb556c50c9e8de78 -> 
  custom:audio-decoder-ogg-vorbis: bf7c407c2cedff20999df2af8eb42d56 -> 
  custom:audio-encoder-webm-vorbis: bf7c407c2cedff20999df2af8eb42d56 -> 
========================================================================
Received Import Request.
  Time since last request: 44.228490 seconds.
  path: Assets/UI/noun_Gears_43261 White.png
  artifactKey: Guid(ea68e4ff86a76064bbffa32a1cf98b3d) Importer(815301076,1909f56bfc062723c751e8b465ee728b)
Start importing Assets/UI/noun_Gears_43261 White.png using Guid(ea68e4ff86a76064bbffa32a1cf98b3d) Importer(815301076,1909f56bfc062723c751e8b465ee728b)  -> (artifact id: '26f512f6321a32ebd73dddc57e73b7da') in 0.617008 seconds 
  Import took 0.623726 seconds .

========================================================================
Received Import Request.
  Time since last request: 0.000239 seconds.
  path: Assets/Sounds/Background music.mp3
  artifactKey: Guid(b0dac0f59bf40454591873f4b89b668d) Importer(815301076,1909f56bfc062723c751e8b465ee728b)
Start importing Assets/Sounds/Background music.mp3 using Guid(b0dac0f59bf40454591873f4b89b668d) Importer(815301076,1909f56bfc062723c751e8b465ee728b)  -> (artifact id: '12b3192ca560823c084781c52416b19f') in 0.845933 seconds 
  Import took 0.849062 seconds .

========================================================================
Received Import Request.
  Time since last request: 0.000452 seconds.
  path: Assets/UI/Mt_UiButton.mat
  artifactKey: Guid(3629fe848f342a146857c2880ddfa1c3) Importer(815301076,1909f56bfc062723c751e8b465ee728b)
Start importing Assets/UI/Mt_UiButton.mat using Guid(3629fe848f342a146857c2880ddfa1c3) Importer(815301076,1909f56bfc062723c751e8b465ee728b)  -> (artifact id: 'fc8a608f4ba169fd7a19bce3fb094edb') in 0.092968 seconds 
  Import took 0.096389 seconds .

========================================================================
Received Import Request.
  Time since last request: 0.002132 seconds.
  path: Assets/Sounds/Servo_Startup.wav
  artifactKey: Guid(3f0e2823a0f53bc4ab4297dfd25d16ea) Importer(815301076,1909f56bfc062723c751e8b465ee728b)
Start importing Assets/Sounds/Servo_Startup.wav using Guid(3f0e2823a0f53bc4ab4297dfd25d16ea) Importer(815301076,1909f56bfc062723c751e8b465ee728b)  -> (artifact id: 'b0b33178f249e5541d6f6aaaa90b27d2') in 0.223042 seconds 
  Import took 0.231635 seconds .

========================================================================
Received Import Request.
  Time since last request: 0.000382 seconds.
  path: Assets/VFX/Monitor/MonitorTest.fbx
  artifactKey: Guid(9c16738eb7cfa9e4faa4641b5475a6a1) Importer(815301076,1909f56bfc062723c751e8b465ee728b)
Start importing Assets/VFX/Monitor/MonitorTest.fbx using Guid(9c16738eb7cfa9e4faa4641b5475a6a1) Importer(815301076,1909f56bfc062723c751e8b465ee728b)  -> (artifact id: 'c810bd15992dab8045024e5d033dc43e') in 0.073441 seconds 
  Import took 0.076711 seconds .

========================================================================
Received Import Request.
  Time since last request: 0.000415 seconds.
  path: Assets/Sounds/Sawing_Noise.wav
  artifactKey: Guid(9a6439894cfff564b8ca9437e56b6568) Importer(815301076,1909f56bfc062723c751e8b465ee728b)
Start importing Assets/Sounds/Sawing_Noise.wav using Guid(9a6439894cfff564b8ca9437e56b6568) Importer(815301076,1909f56bfc062723c751e8b465ee728b)  -> (artifact id: '5eec884fa707e9b236a59e8f3b54982f') in 0.098421 seconds 
  Import took 0.101304 seconds .

========================================================================
Received Import Request.
  Time since last request: 0.000335 seconds.
  path: Assets/Scenes/Old Final Scenes/Lights.prefab
  artifactKey: Guid(0c4429eef5881404bb1a8570fa916acf) Importer(815301076,1909f56bfc062723c751e8b465ee728b)
Start importing Assets/Scenes/Old Final Scenes/Lights.prefab using Guid(0c4429eef5881404bb1a8570fa916acf) Importer(815301076,1909f56bfc062723c751e8b465ee728b)  -> (artifact id: '0c547fda35df5e7d049d7bcc4d0767f5') in 0.004988 seconds 
  Import took 0.008438 seconds .

========================================================================
Received Import Request.
  Time since last request: 0.000381 seconds.
  path: Assets/UI/6426422.png
  artifactKey: Guid(46e2810d74b0ab9418b22be81c661845) Importer(815301076,1909f56bfc062723c751e8b465ee728b)
Start importing Assets/UI/6426422.png using Guid(46e2810d74b0ab9418b22be81c661845) Importer(815301076,1909f56bfc062723c751e8b465ee728b)  -> (artifact id: 'f0eac4c69876b238f1ee476bc3c0246a') in 0.119479 seconds 
  Import took 0.122462 seconds .

========================================================================
Received Import Request.
  Time since last request: 0.000329 seconds.
  path: Assets/UI/75936-84.png
  artifactKey: Guid(dfe8ef167b350c042abd119f8e8a2342) Importer(815301076,1909f56bfc062723c751e8b465ee728b)
Start importing Assets/UI/75936-84.png using Guid(dfe8ef167b350c042abd119f8e8a2342) Importer(815301076,1909f56bfc062723c751e8b465ee728b)  -> (artifact id: '739a987895235135b463b1e2658c26ca') in 0.034912 seconds 
  Import took 0.038108 seconds .

========================================================================
Received Import Request.
  Time since last request: 0.000302 seconds.
  path: Assets/Scenes/Complete Redo/Cube.png
  artifactKey: Guid(7fc8ec71bd0d3e34082a56709774721a) Importer(815301076,1909f56bfc062723c751e8b465ee728b)
Start importing Assets/Scenes/Complete Redo/Cube.png using Guid(7fc8ec71bd0d3e34082a56709774721a) Importer(815301076,1909f56bfc062723c751e8b465ee728b)  -> (artifact id: '7febd1fc9828cc9db50e72b74f87175c') in 0.028922 seconds 
  Import took 0.032387 seconds .

========================================================================
Received Import Request.
  Time since last request: 0.000329 seconds.
  path: Assets/Sounds/Servo_Winddown.wav
  artifactKey: Guid(2caae867e3da94b4cb9739cf03799bf9) Importer(815301076,1909f56bfc062723c751e8b465ee728b)
Start importing Assets/Sounds/Servo_Winddown.wav using Guid(2caae867e3da94b4cb9739cf03799bf9) Importer(815301076,1909f56bfc062723c751e8b465ee728b)  -> (artifact id: '7e65d61bdaeb6c6f5a38538934358262') in 0.061455 seconds 
  Import took 0.064516 seconds .

========================================================================
Received Import Request.
  Time since last request: 0.000321 seconds.
  path: Assets/Sounds/Old Siren.wav
  artifactKey: Guid(37b7dc809a87ece42b742b02dcaf62e7) Importer(815301076,1909f56bfc062723c751e8b465ee728b)
Start importing Assets/Sounds/Old Siren.wav using Guid(37b7dc809a87ece42b742b02dcaf62e7) Importer(815301076,1909f56bfc062723c751e8b465ee728b)  -> (artifact id: 'edee050a73184617692df868c271ee3a') in 0.073998 seconds 
  Import took 0.077038 seconds .

========================================================================
Received Import Request.
  Time since last request: 0.000445 seconds.
  path: Assets/UI/buttons.png
  artifactKey: Guid(13b47981ffaebd940ababd4df38ee1a9) Importer(815301076,1909f56bfc062723c751e8b465ee728b)
Start importing Assets/UI/buttons.png using Guid(13b47981ffaebd940ababd4df38ee1a9) Importer(815301076,1909f56bfc062723c751e8b465ee728b)  -> (artifact id: 'e3b21addc2c6a1ca797e2b01cc156dfb') in 0.114041 seconds 
  Import took 0.117118 seconds .

========================================================================
Received Import Request.
  Time since last request: 0.000364 seconds.
  path: Assets/UI/noun_Gears_43261.png
  artifactKey: Guid(ff7ded3280bf40f46b482e811e89b0e5) Importer(815301076,1909f56bfc062723c751e8b465ee728b)
Start importing Assets/UI/noun_Gears_43261.png using Guid(ff7ded3280bf40f46b482e811e89b0e5) Importer(815301076,1909f56bfc062723c751e8b465ee728b)  -> (artifact id: 'befdd371cae39d8cf5ea90865030a91c') in 0.136568 seconds 
  Import took 0.140067 seconds .

========================================================================
Received Import Request.
  Time since last request: 0.000570 seconds.
  path: Assets/VFX/Monitor/Monitor.mat
  artifactKey: Guid(df5646f678965ce4fbf954fb34dd92ce) Importer(815301076,1909f56bfc062723c751e8b465ee728b)
Start importing Assets/VFX/Monitor/Monitor.mat using Guid(df5646f678965ce4fbf954fb34dd92ce) Importer(815301076,1909f56bfc062723c751e8b465ee728b)  -> (artifact id: 'f1632d38b15d00da29e2219723cb394c') in 0.195769 seconds 
  Import took 0.199295 seconds .

========================================================================
Received Import Request.
  Time since last request: 0.000415 seconds.
  path: Assets/UI/Scrap_metal.png
  artifactKey: Guid(886efd5252b1d214a9c27c7d4565027e) Importer(815301076,1909f56bfc062723c751e8b465ee728b)
Start importing Assets/UI/Scrap_metal.png using Guid(886efd5252b1d214a9c27c7d4565027e) Importer(815301076,1909f56bfc062723c751e8b465ee728b)  -> (artifact id: '6fa7594cb67b4452ddf64f7e68ecf820') in 0.192388 seconds 
  Import took 0.195597 seconds .

========================================================================
Received Import Request.
  Time since last request: 0.000292 seconds.
  path: Assets/UI/Steamwreck.otf
  artifactKey: Guid(aa25a7b13f28e844ea45acc99731c3a3) Importer(815301076,1909f56bfc062723c751e8b465ee728b)
Start importing Assets/UI/Steamwreck.otf using Guid(aa25a7b13f28e844ea45acc99731c3a3) Importer(815301076,1909f56bfc062723c751e8b465ee728b)  -> (artifact id: 'b2024445702bb3f213519c105993ad14') in 0.666982 seconds 
  Import took 0.671261 seconds .

========================================================================
Received Import Request.
  Time since last request: 0.000355 seconds.
  path: Assets/VFX/Monitor/New Render Texture.renderTexture
  artifactKey: Guid(ecac93c2596e3f84da0a4068706c13dd) Importer(815301076,1909f56bfc062723c751e8b465ee728b)
Start importing Assets/VFX/Monitor/New Render Texture.renderTexture using Guid(ecac93c2596e3f84da0a4068706c13dd) Importer(815301076,1909f56bfc062723c751e8b465ee728b)  -> (artifact id: 'a1bedd847e2b830028ed2a6b33d5a748') in 0.374611 seconds 
  Import took 0.378078 seconds .

========================================================================
Received Import Request.
  Time since last request: 0.000366 seconds.
  path: Assets/UI/ing_19062_00553.jpg
  artifactKey: Guid(763ae95cc01efa94484977ab257d4421) Importer(815301076,1909f56bfc062723c751e8b465ee728b)
Start importing Assets/UI/ing_19062_00553.jpg using Guid(763ae95cc01efa94484977ab257d4421) Importer(815301076,1909f56bfc062723c751e8b465ee728b)  -> (artifact id: '3de53dc32c5e122a1f5c73776ac7086a') in 0.067898 seconds 
  Import took 0.070748 seconds .

========================================================================
Received Import Request.
  Time since last request: 0.000368 seconds.
  path: Assets/UI/iron-142077_960_720.jpg
  artifactKey: Guid(661a73813df27a04fa1c27fe557f30a3) Importer(815301076,1909f56bfc062723c751e8b465ee728b)
Start importing Assets/UI/iron-142077_960_720.jpg using Guid(661a73813df27a04fa1c27fe557f30a3) Importer(815301076,1909f56bfc062723c751e8b465ee728b)  -> (artifact id: '7b7a2c4ee7bbc026322587cc38c7baea') in 0.117805 seconds 
  Import took 0.120781 seconds .

========================================================================
Received Import Request.
  Time since last request: 0.000399 seconds.
  path: Assets/UI/43261-200.png
  artifactKey: Guid(0c764158c77d4b048bd8344fc7eff497) Importer(815301076,1909f56bfc062723c751e8b465ee728b)
Start importing Assets/UI/43261-200.png using Guid(0c764158c77d4b048bd8344fc7eff497) Importer(815301076,1909f56bfc062723c751e8b465ee728b)  -> (artifact id: '117146a6434d7c16dc12966ac4540146') in 0.126265 seconds 
  Import took 0.130652 seconds .

========================================================================
Received Import Request.
  Time since last request: 0.000395 seconds.
  path: Assets/UI/Steamy.otf
  artifactKey: Guid(0a976db67964bdf48963a9709c603732) Importer(815301076,1909f56bfc062723c751e8b465ee728b)
Start importing Assets/UI/Steamy.otf using Guid(0a976db67964bdf48963a9709c603732) Importer(815301076,1909f56bfc062723c751e8b465ee728b)  -> (artifact id: 'fd2756459b1694262a45b9624502ada9') in 0.135131 seconds 
  Import took 0.138918 seconds .

========================================================================
Received Import Request.
  Time since last request: 0.000345 seconds.
  path: Assets/Sounds/Saw_Noise.wav
  artifactKey: Guid(37c5c2065d758e14ea346247e8d1a285) Importer(815301076,1909f56bfc062723c751e8b465ee728b)
Start importing Assets/Sounds/Saw_Noise.wav using Guid(37c5c2065d758e14ea346247e8d1a285) Importer(815301076,1909f56bfc062723c751e8b465ee728b)  -> (artifact id: 'b6c399afda752aa74e10e8e33ca94c73') in 0.153492 seconds 
  Import took 0.156259 seconds .

========================================================================
Received Import Request.
  Time since last request: 0.000332 seconds.
  path: Assets/Sounds/Plastic bag drop carpet small metal objects nuts bolts nails screws tools_BLASTW.mp3
  artifactKey: Guid(903f1cae4fddb694b9946d0d58f187aa) Importer(815301076,1909f56bfc062723c751e8b465ee728b)
Start importing Assets/Sounds/Plastic bag drop carpet small metal objects nuts bolts nails screws tools_BLASTW.mp3 using Guid(903f1cae4fddb694b9946d0d58f187aa) Importer(815301076,1909f56bfc062723c751e8b465ee728b)  -> (artifact id: '98dd2eee0bf293369a7858bfd00d7d5b') in 0.071155 seconds 
  Import took 0.073967 seconds .

